<?xml version="1.0" encoding="UTF-8"?>
<!-- Generated by org.testng.reporters.JUnitReportReporter -->
<testsuite hostname="DESKTOP-4SS2VID" failures="0" tests="1" name="Academy.ValiDateNavigationBar" time="1.063" errors="0" timestamp="2020-11-07T10:47:54 IST" skipped="0">
  <testcase classname="Academy.ValiDateNavigationBar" name="validateNavBar" time="1.063"/>
  <system-out/>
</testsuite> <!-- Academy.ValiDateNavigationBar -->
